<?xml version="1.0" encoding="UTF-8"?>
<!-- Generated by org.testng.reporters.JUnitReportReporter -->
<testsuite hostname="YourWorld" name="tests.HomePageTest" tests="1" failures="0" timestamp="8 Apr 2019 10:15:56 GMT" time="23.397" errors="0">
  <testcase name="givenTestFlow" time="23.397" classname="tests.HomePageTest"/>
</testsuite> <!-- tests.HomePageTest -->
